<?xml version="1.0" encoding="UTF-8" ?>
<testsuite errors="0" skipped="0" tests="1" time="0.016" failures="0" name="org.jtpd.AppTest">
  <properties>
    <property value="Java(TM) 2 Runtime Environment, Standard Edition" name="java.runtime.name"/>
    <property value="C:\java\j2sdk.1.5\jre\bin" name="sun.boot.library.path"/>
    <property value="1.5.0_07-b03" name="java.vm.version"/>
    <property value="Sun Microsystems Inc." name="java.vm.vendor"/>
    <property value="http://java.sun.com/" name="java.vendor.url"/>
    <property value=";" name="path.separator"/>
    <property value="Java HotSpot(TM) Client VM" name="java.vm.name"/>
    <property value="sun.io" name="file.encoding.pkg"/>
    <property value="TR" name="user.country"/>
    <property value="Service Pack 3" name="sun.os.patch.level"/>
    <property value="Java Virtual Machine Specification" name="java.vm.specification.name"/>
    <property value="C:\java\MY_PROJECTS\jtpd_new\jtpd\jtpd.model" name="user.dir"/>
    <property value="1.5.0_07-b03" name="java.runtime.version"/>
    <property value="sun.awt.Win32GraphicsEnvironment" name="java.awt.graphicsenv"/>
    <property value="C:\java\MY_PROJECTS\jtpd_new\jtpd\jtpd.model" name="basedir"/>
    <property value="C:\java\j2sdk.1.5\jre\lib\endorsed" name="java.endorsed.dirs"/>
    <property value="x86" name="os.arch"/>
    <property value="C:\DOCUME~1\tdiler\LOCALS~1\Temp\surefirebooter23728.jar" name="surefire.real.class.path"/>
    <property value="C:\DOCUME~1\tdiler\LOCALS~1\Temp\" name="java.io.tmpdir"/>
    <property value="
" name="line.separator"/>
    <property value="Sun Microsystems Inc." name="java.vm.specification.vendor"/>
    <property value="" name="user.variant"/>
    <property value="Windows XP" name="os.name"/>
    <property value="Cp1254" name="sun.jnu.encoding"/>
    <property value="C:\java\j2sdk.1.5\jre\bin;.;C:\WINDOWS\system32;C:\WINDOWS;C:\WINDOWS\system32;C:\WINDOWS;C:\WINDOWS\System32\Wbem;C:\PROGRA~1\IBM\SQLLIB\BIN;C:\PROGRA~1\IBM\SQLLIB\FUNCTION;C:\PROGRA~1\IBM\SQLLIB\SAMPLES\REPL;C:\Program Files\TortoiseSVN\bin;C:\java\liquibase-1.9.0;C:\java\svn-win32-1.5.4\bin;C:\java\apache-maven-2.2.0\bin" name="java.library.path"/>
    <property value="C:\java\MY_PROJECTS\jtpd_new\jtpd\jtpd.model\target\test-classes;C:\java\MY_PROJECTS\jtpd_new\jtpd\jtpd.model\target\classes;C:\Documents and Settings\tdiler\.m2\repository\junit\junit\3.8.1\junit-3.8.1.jar;C:\Documents and Settings\tdiler\.m2\repository\org\springframework\spring\2.5.6\spring-2.5.6.jar;C:\Documents and Settings\tdiler\.m2\repository\commons-logging\commons-logging\1.1.1\commons-logging-1.1.1.jar;" name="surefire.test.class.path"/>
    <property value="Java Platform API Specification" name="java.specification.name"/>
    <property value="49.0" name="java.class.version"/>
    <property value="HotSpot Client Compiler" name="sun.management.compiler"/>
    <property value="5.1" name="os.version"/>
    <property value="C:\Documents and Settings\tdiler" name="user.home"/>
    <property value="" name="user.timezone"/>
    <property value="sun.awt.windows.WPrinterJob" name="java.awt.printerjob"/>
    <property value="Cp1254" name="file.encoding"/>
    <property value="1.5" name="java.specification.version"/>
    <property value="tdiler" name="user.name"/>
    <property value="C:\java\MY_PROJECTS\jtpd_new\jtpd\jtpd.model\target\test-classes;C:\java\MY_PROJECTS\jtpd_new\jtpd\jtpd.model\target\classes;C:\Documents and Settings\tdiler\.m2\repository\junit\junit\3.8.1\junit-3.8.1.jar;C:\Documents and Settings\tdiler\.m2\repository\org\springframework\spring\2.5.6\spring-2.5.6.jar;C:\Documents and Settings\tdiler\.m2\repository\commons-logging\commons-logging\1.1.1\commons-logging-1.1.1.jar;" name="java.class.path"/>
    <property value="1.0" name="java.vm.specification.version"/>
    <property value="32" name="sun.arch.data.model"/>
    <property value="C:\java\j2sdk.1.5\jre" name="java.home"/>
    <property value="Sun Microsystems Inc." name="java.specification.vendor"/>
    <property value="tr" name="user.language"/>
    <property value="sun.awt.windows.WToolkit" name="awt.toolkit"/>
    <property value="mixed mode" name="java.vm.info"/>
    <property value="1.5.0_07" name="java.version"/>
    <property value="C:\java\j2sdk.1.5\jre\lib\ext" name="java.ext.dirs"/>
    <property value="C:\java\j2sdk.1.5\jre\lib\rt.jar;C:\java\j2sdk.1.5\jre\lib\i18n.jar;C:\java\j2sdk.1.5\jre\lib\sunrsasign.jar;C:\java\j2sdk.1.5\jre\lib\jsse.jar;C:\java\j2sdk.1.5\jre\lib\jce.jar;C:\java\j2sdk.1.5\jre\lib\charsets.jar;C:\java\j2sdk.1.5\jre\classes" name="sun.boot.class.path"/>
    <property value="Sun Microsystems Inc." name="java.vendor"/>
    <property value="C:\Documents and Settings\tdiler\.m2\repository" name="localRepository"/>
    <property value="\" name="file.separator"/>
    <property value="http://java.sun.com/cgi-bin/bugreport.cgi" name="java.vendor.url.bug"/>
    <property value="little" name="sun.cpu.endian"/>
    <property value="UnicodeLittle" name="sun.io.unicode.encoding"/>
    <property value="windows" name="sun.desktop"/>
    <property value="pentium_pro+mmx pentium_pro pentium+mmx pentium i486 i386 i86" name="sun.cpu.isalist"/>
  </properties>
  <testcase classname="org.jtpd.AppTest" time="0" name="testApp"/>
</testsuite>